<?xml version="1.0" encoding="UTF-8"?>
<testng-results ignored="0" total="1" passed="1" failed="0" skipped="0">
  <reporter-output>
  </reporter-output>
  <suite started-at="2021-07-26T15:28:22 COT" name="Surefire suite" finished-at="2021-07-26T15:28:23 COT" duration-ms="157">
    <groups>
    </groups>
    <test started-at="2021-07-26T15:28:22 COT" name="Surefire test" finished-at="2021-07-26T15:28:23 COT" duration-ms="157">
      <class name="examen.test.MainTest">
        <test-method signature="test()[pri:0, instance:examen.test.MainTest@6cd5122d]" started-at="2021-07-26T15:28:23 COT" name="test" finished-at="2021-07-26T15:28:23 COT" duration-ms="84" status="PASS">
          <reporter-output>
          </reporter-output>
        </test-method> <!-- test -->
      </class> <!-- examen.test.MainTest -->
    </test> <!-- Surefire test -->
  </suite> <!-- Surefire suite -->
</testng-results>
